(py38) ➜  ~ cat /etc/issue
Ubuntu 20.04.6 LTS \n \l

(py38) ➜  ~ llvm-config --version       
10.0.0
(py38) ➜  ~ ll /usr/local/cuda          
lrwxrwxrwx 1 root root 22 Jun 21  2023 /usr/local/cuda -> /etc/alternatives/cuda
(py38) ➜  ~ ll /etc/alternatives/cuda               
lrwxrwxrwx 1 root root 20 Jun 21  2023 /etc/alternatives/cuda -> /usr/local/cuda-11.6
(py38) ➜  ~ python --version                                   
Python 3.8.19
(py38) ➜  ~ pip list        
Package                  Version
------------------------ -----------
absl-py                  2.1.0
accelerate               0.28.0
aiohttp                  3.9.3
aiosignal                1.3.1
async-timeout            4.0.3
attrs                    23.2.0
cachetools               5.3.3
certifi                  2024.2.2
charset-normalizer       3.3.2
cloudpickle              3.0.0
cmake                    3.29.0.1
datasets                 2.18.0
decorator                5.1.1
dill                     0.3.8
evaluate                 0.4.1
exceptiongroup           1.2.0
filelock                 3.13.3
frozenlist               1.4.1
fsspec                   2024.2.0
google-auth              2.29.0
google-auth-oauthlib     1.0.0
grpcio                   1.62.1
huggingface-hub          0.22.1
idna                     3.6
importlib_metadata       7.1.0
iniconfig                2.0.0
Markdown                 3.6
MarkupSafe               2.1.5
multidict                6.0.5
multiprocess             0.70.16
natsort                  8.4.0
numpy                    1.24.4
nvidia-cublas-cu11       11.10.3.66
nvidia-cuda-nvrtc-cu11   11.7.99
nvidia-cuda-runtime-cu11 11.7.99
nvidia-cudnn-cu11        8.5.0.96
oauthlib                 3.2.2
packaging                24.0
pandas                   2.0.3
pillow                   10.2.0
pip                      23.3.1
pluggy                   1.4.0
protobuf                 4.25.3
psutil                   5.9.8
pyarrow                  15.0.2
pyarrow-hotfix           0.6
pyasn1                   0.6.0
pyasn1_modules           0.4.0
pycryptodome             3.20.0
pytest                   7.4.0
python-dateutil          2.9.0.post0
pytz                     2024.1
PyYAML                   6.0.1
regex                    2023.12.25
requests                 2.31.0
requests-oauthlib        2.0.0
responses                0.18.0
rsa                      4.9
safetensors              0.4.2
scipy                    1.10.1
setuptools               68.2.2
six                      1.16.0
tensorboard              2.14.0
tensorboard-data-server  0.7.2
tokenizers               0.13.3
tomli                    2.0.1
torch                    1.13.1
torchaudio               0.13.1
torchvision              0.14.1
tornado                  6.4
tqdm                     4.66.2
transformers             4.31.0
typing_extensions        4.10.0
tzdata                   2024.1
urllib3                  2.2.1
Werkzeug                 3.0.1
wheel                    0.41.2
xgboost                  2.0.3
xxhash                   3.4.1
yarl                     1.9.4
zipp                     3.18.1
(py38) ➜  ~/tlm 